[      54ms] [ERROR] Failed to load resource: the server responded with a status of 500 (Internal Server Error) @ http://localhost:3000/api/positions:0
[      54ms] [ERROR] Error: API 500: /api/positions
    at get (http://localhost:3000/src/infra/api/client.ts:4:22)
    at async safeFetch (http://localhost:3000/src/app/services/trading.ts?t=1770525822802:14:12) @ http://localhost:3000/src/app/services/trading.ts?t=1770525822802:15
[      54ms] [ERROR] Failed to load resource: the server responded with a status of 500 (Internal Server Error) @ http://localhost:3000/api/trades/today:0
[      54ms] [ERROR] Error: API 500: /api/trades/today
    at get (http://localhost:3000/src/infra/api/client.ts:4:22)
    at async safeFetch (http://localhost:3000/src/app/services/trading.ts?t=1770525822802:14:12) @ http://localhost:3000/src/app/services/trading.ts?t=1770525822802:15
[      54ms] [ERROR] Failed to load resource: the server responded with a status of 500 (Internal Server Error) @ http://localhost:3000/api/signals/today:0
[      54ms] [ERROR] Error: API 500: /api/signals/today
    at get (http://localhost:3000/src/infra/api/client.ts:4:22)
    at async safeFetch (http://localhost:3000/src/app/services/trading.ts?t=1770525822802:14:12) @ http://localhost:3000/src/app/services/trading.ts?t=1770525822802:15
[      55ms] [ERROR] Failed to load resource: the server responded with a status of 500 (Internal Server Error) @ http://localhost:3000/api/snapshots?limit=30:0
[      55ms] [ERROR] Error: API 500: /api/snapshots?limit=30
    at get (http://localhost:3000/src/infra/api/client.ts:4:22)
    at async safeFetch (http://localhost:3000/src/app/services/trading.ts?t=1770525822802:14:12) @ http://localhost:3000/src/app/services/trading.ts?t=1770525822802:15
[      55ms] [ERROR] Failed to load resource: the server responded with a status of 500 (Internal Server Error) @ http://localhost:3000/api/portfolio:0
[      55ms] [ERROR] Error: API 500: /api/portfolio
    at get (http://localhost:3000/src/infra/api/client.ts:4:22)
    at async safeFetch (http://localhost:3000/src/app/services/trading.ts?t=1770525822802:14:12) @ http://localhost:3000/src/app/services/trading.ts?t=1770525822802:15
[     651ms] [ERROR] WebSocket connection to 'ws://localhost:3000/ws' failed: Connection closed before receiving a handshake response @ http://localhost:3000/src/infra/ws/client.ts:15
[    2812ms] [ERROR] Failed to load resource: the server responded with a status of 500 (Internal Server Error) @ http://localhost:3000/api/trades?limit=50:0
[    2812ms] [ERROR] Error: API 500: /api/trades?limit=50
    at get (http://localhost:3000/src/infra/api/client.ts:4:22)
    at async http://localhost:3000/src/ui/components/TradesTable.tsx?t=1770525867681:12:14 @ http://localhost:3000/src/ui/components/TradesTable.tsx?t=1770525867681:13
[    3728ms] [ERROR] WebSocket connection to 'ws://localhost:3000/ws' failed: Connection closed before receiving a handshake response @ http://localhost:3000/src/infra/ws/client.ts:15
[    6826ms] [ERROR] WebSocket connection to 'ws://localhost:3000/ws' failed: Connection closed before receiving a handshake response @ http://localhost:3000/src/infra/ws/client.ts:15
[    9872ms] [ERROR] WebSocket connection to 'ws://localhost:3000/ws' failed: Connection closed before receiving a handshake response @ http://localhost:3000/src/infra/ws/client.ts:15
[   12979ms] [ERROR] WebSocket connection to 'ws://localhost:3000/ws' failed: Connection closed before receiving a handshake response @ http://localhost:3000/src/infra/ws/client.ts:15
[   16021ms] [ERROR] WebSocket connection to 'ws://localhost:3000/ws' failed: Connection closed before receiving a handshake response @ http://localhost:3000/src/infra/ws/client.ts:15
[   17360ms] [ERROR] Failed to load resource: the server responded with a status of 500 (Internal Server Error) @ http://localhost:3000/api/signals?limit=100:0
[   17360ms] [ERROR] Error: API 500: /api/signals?limit=100
    at get (http://localhost:3000/src/infra/api/client.ts:4:22)
    at async http://localhost:3000/src/ui/components/SignalsTable.tsx?t=1770525870984:12:14 @ http://localhost:3000/src/ui/components/SignalsTable.tsx?t=1770525870984:13
[   19161ms] [ERROR] WebSocket connection to 'ws://localhost:3000/ws' failed: Connection closed before receiving a handshake response @ http://localhost:3000/src/infra/ws/client.ts:15
[   22348ms] [ERROR] WebSocket connection to 'ws://localhost:3000/ws' failed: Connection closed before receiving a handshake response @ http://localhost:3000/src/infra/ws/client.ts:15
[   25436ms] [ERROR] WebSocket connection to 'ws://localhost:3000/ws' failed: Connection closed before receiving a handshake response @ http://localhost:3000/src/infra/ws/client.ts:15
[   28602ms] [ERROR] WebSocket connection to 'ws://localhost:3000/ws' failed: Connection closed before receiving a handshake response @ http://localhost:3000/src/infra/ws/client.ts:15
