[      45ms] [ERROR] Failed to load resource: the server responded with a status of 500 (Internal Server Error) @ http://localhost:3000/api/positions:0
[      45ms] [ERROR] Failed to load resource: the server responded with a status of 500 (Internal Server Error) @ http://localhost:3000/api/trades/today:0
[      45ms] [ERROR] Failed to load resource: the server responded with a status of 500 (Internal Server Error) @ http://localhost:3000/api/signals/today:0
[      46ms] [ERROR] Failed to load resource: the server responded with a status of 500 (Internal Server Error) @ http://localhost:3000/api/snapshots?limit=30:0
[      47ms] [ERROR] Failed to load resource: the server responded with a status of 500 (Internal Server Error) @ http://localhost:3000/api/portfolio:0
[      64ms] [ERROR] WebSocket connection to 'ws://localhost:3000/ws' failed: Connection closed before receiving a handshake response @ http://localhost:3000/src/infra/ws/client.ts:15
[    2861ms] [ERROR] Failed to load resource: the server responded with a status of 500 (Internal Server Error) @ http://localhost:3000/api/trades?limit=50:0
[    2862ms] Error: API 500: /api/trades?limit=50
    at get (http://localhost:3000/src/infra/api/client.ts:4:22)
[    3073ms] [ERROR] WebSocket connection to 'ws://localhost:3000/ws' failed: Connection closed before receiving a handshake response @ http://localhost:3000/src/infra/ws/client.ts:15
[    6077ms] [ERROR] WebSocket connection to 'ws://localhost:3000/ws' failed: Connection closed before receiving a handshake response @ http://localhost:3000/src/infra/ws/client.ts:15
[    9082ms] [ERROR] WebSocket connection to 'ws://localhost:3000/ws' failed: Connection closed before receiving a handshake response @ http://localhost:3000/src/infra/ws/client.ts:15
[   12088ms] [ERROR] WebSocket connection to 'ws://localhost:3000/ws' failed: Connection closed before receiving a handshake response @ http://localhost:3000/src/infra/ws/client.ts:15
[   15107ms] [ERROR] WebSocket connection to 'ws://localhost:3000/ws' failed: Connection closed before receiving a handshake response @ http://localhost:3000/src/infra/ws/client.ts:15
[   18122ms] [ERROR] WebSocket connection to 'ws://localhost:3000/ws' failed: Connection closed before receiving a handshake response @ http://localhost:3000/src/infra/ws/client.ts:15
[   21128ms] [ERROR] WebSocket connection to 'ws://localhost:3000/ws' failed: Connection closed before receiving a handshake response @ http://localhost:3000/src/infra/ws/client.ts:15
[   24158ms] [ERROR] WebSocket connection to 'ws://localhost:3000/ws' failed: Connection closed before receiving a handshake response @ http://localhost:3000/src/infra/ws/client.ts:15
[   27182ms] [ERROR] WebSocket connection to 'ws://localhost:3000/ws' failed: Connection closed before receiving a handshake response @ http://localhost:3000/src/infra/ws/client.ts:15
[   30216ms] [ERROR] WebSocket connection to 'ws://localhost:3000/ws' failed: Connection closed before receiving a handshake response @ http://localhost:3000/src/infra/ws/client.ts:15
[   33246ms] [ERROR] WebSocket connection to 'ws://localhost:3000/ws' failed: Connection closed before receiving a handshake response @ http://localhost:3000/src/infra/ws/client.ts:15
[   36292ms] [ERROR] WebSocket connection to 'ws://localhost:3000/ws' failed: Connection closed before receiving a handshake response @ http://localhost:3000/src/infra/ws/client.ts:15
[   39315ms] [ERROR] WebSocket connection to 'ws://localhost:3000/ws' failed: Connection closed before receiving a handshake response @ http://localhost:3000/src/infra/ws/client.ts:15
[   41992ms] Error: API 500: /api/portfolio
    at get (http://localhost:3000/src/infra/api/client.ts:4:22)
[   42386ms] [ERROR] WebSocket connection to 'ws://localhost:3000/ws' failed: Connection closed before receiving a handshake response @ http://localhost:3000/src/infra/ws/client.ts:15
[   45443ms] [ERROR] WebSocket connection to 'ws://localhost:3000/ws' failed: Connection closed before receiving a handshake response @ http://localhost:3000/src/infra/ws/client.ts:15
[   48496ms] [ERROR] WebSocket connection to 'ws://localhost:3000/ws' failed: Connection closed before receiving a handshake response @ http://localhost:3000/src/infra/ws/client.ts:15
[   51575ms] [ERROR] WebSocket connection to 'ws://localhost:3000/ws' failed: Connection closed before receiving a handshake response @ http://localhost:3000/src/infra/ws/client.ts:15
[   54718ms] [ERROR] WebSocket connection to 'ws://localhost:3000/ws' failed: Connection closed before receiving a handshake response @ http://localhost:3000/src/infra/ws/client.ts:15
