[      46ms] [ERROR] Failed to load resource: the server responded with a status of 500 (Internal Server Error) @ http://localhost:3000/api/positions:0
[      46ms] [ERROR] Failed to load resource: the server responded with a status of 500 (Internal Server Error) @ http://localhost:3000/api/trades/today:0
[      47ms] [ERROR] Failed to load resource: the server responded with a status of 500 (Internal Server Error) @ http://localhost:3000/api/signals/today:0
[      47ms] [ERROR] Failed to load resource: the server responded with a status of 500 (Internal Server Error) @ http://localhost:3000/api/snapshots?limit=30:0
[      47ms] [ERROR] Failed to load resource: the server responded with a status of 500 (Internal Server Error) @ http://localhost:3000/api/portfolio:0
[      89ms] Error: API 500: /api/positions
    at get (http://localhost:3000/src/infra/api/client.ts:4:22)
[      90ms] Error: API 500: /api/portfolio
    at get (http://localhost:3000/src/infra/api/client.ts:4:22)
[      49ms] [ERROR] WebSocket connection to 'ws://localhost:3000/ws' failed: Connection closed before receiving a handshake response @ http://localhost:3000/src/infra/ws/client.ts:15
[    2567ms] [ERROR] Failed to load resource: the server responded with a status of 500 (Internal Server Error) @ http://localhost:3000/api/trades?limit=50:0
[    2569ms] Error: API 500: /api/trades?limit=50
    at get (http://localhost:3000/src/infra/api/client.ts:4:22)
[    3052ms] [ERROR] WebSocket connection to 'ws://localhost:3000/ws' failed: Connection closed before receiving a handshake response @ http://localhost:3000/src/infra/ws/client.ts:15
[    6055ms] [ERROR] WebSocket connection to 'ws://localhost:3000/ws' failed: Connection closed before receiving a handshake response @ http://localhost:3000/src/infra/ws/client.ts:15
[    9057ms] [ERROR] WebSocket connection to 'ws://localhost:3000/ws' failed: Connection closed before receiving a handshake response @ http://localhost:3000/src/infra/ws/client.ts:15
[   12061ms] [ERROR] WebSocket connection to 'ws://localhost:3000/ws' failed: Connection closed before receiving a handshake response @ http://localhost:3000/src/infra/ws/client.ts:15
[   12246ms] Error: API 500: /api/portfolio
    at get (http://localhost:3000/src/infra/api/client.ts:4:22)
[   15063ms] [ERROR] WebSocket connection to 'ws://localhost:3000/ws' failed: Connection closed before receiving a handshake response @ http://localhost:3000/src/infra/ws/client.ts:15
[   18066ms] [ERROR] WebSocket connection to 'ws://localhost:3000/ws' failed: Connection closed before receiving a handshake response @ http://localhost:3000/src/infra/ws/client.ts:15
[   21069ms] [ERROR] WebSocket connection to 'ws://localhost:3000/ws' failed: Connection closed before receiving a handshake response @ http://localhost:3000/src/infra/ws/client.ts:15
[   24075ms] [ERROR] WebSocket connection to 'ws://localhost:3000/ws' failed: Connection closed before receiving a handshake response @ http://localhost:3000/src/infra/ws/client.ts:15
[   27080ms] [ERROR] WebSocket connection to 'ws://localhost:3000/ws' failed: Connection closed before receiving a handshake response @ http://localhost:3000/src/infra/ws/client.ts:15
[   30085ms] [ERROR] WebSocket connection to 'ws://localhost:3000/ws' failed: Connection closed before receiving a handshake response @ http://localhost:3000/src/infra/ws/client.ts:15
[   33093ms] [ERROR] WebSocket connection to 'ws://localhost:3000/ws' failed: Connection closed before receiving a handshake response @ http://localhost:3000/src/infra/ws/client.ts:15
[   36100ms] [ERROR] WebSocket connection to 'ws://localhost:3000/ws' failed: Connection closed before receiving a handshake response @ http://localhost:3000/src/infra/ws/client.ts:15
[   39111ms] [ERROR] WebSocket connection to 'ws://localhost:3000/ws' failed: Connection closed before receiving a handshake response @ http://localhost:3000/src/infra/ws/client.ts:15
[   42125ms] [ERROR] WebSocket connection to 'ws://localhost:3000/ws' failed: Connection closed before receiving a handshake response @ http://localhost:3000/src/infra/ws/client.ts:15
[   45143ms] [ERROR] WebSocket connection to 'ws://localhost:3000/ws' failed: Connection closed before receiving a handshake response @ http://localhost:3000/src/infra/ws/client.ts:15
