[      51ms] [ERROR] Failed to load resource: the server responded with a status of 500 (Internal Server Error) @ http://localhost:3000/api/positions:0
[      51ms] [ERROR] Error: API 500: /api/positions
    at get (http://localhost:3000/src/infra/api/client.ts:4:22)
    at async safeFetch (http://localhost:3000/src/app/services/trading.ts?t=1770525822802:14:12) @ http://localhost:3000/src/app/services/trading.ts?t=1770525822802:15
[      54ms] [ERROR] Failed to load resource: the server responded with a status of 500 (Internal Server Error) @ http://localhost:3000/api/trades/today:0
[      54ms] [ERROR] Error: API 500: /api/trades/today
    at get (http://localhost:3000/src/infra/api/client.ts:4:22)
    at async safeFetch (http://localhost:3000/src/app/services/trading.ts?t=1770525822802:14:12) @ http://localhost:3000/src/app/services/trading.ts?t=1770525822802:15
[      54ms] [ERROR] Failed to load resource: the server responded with a status of 500 (Internal Server Error) @ http://localhost:3000/api/signals/today:0
[      54ms] [ERROR] Error: API 500: /api/signals/today
    at get (http://localhost:3000/src/infra/api/client.ts:4:22)
    at async safeFetch (http://localhost:3000/src/app/services/trading.ts?t=1770525822802:14:12) @ http://localhost:3000/src/app/services/trading.ts?t=1770525822802:15
[      54ms] [ERROR] Failed to load resource: the server responded with a status of 500 (Internal Server Error) @ http://localhost:3000/api/snapshots?limit=30:0
[      54ms] [ERROR] Error: API 500: /api/snapshots?limit=30
    at get (http://localhost:3000/src/infra/api/client.ts:4:22)
    at async safeFetch (http://localhost:3000/src/app/services/trading.ts?t=1770525822802:14:12) @ http://localhost:3000/src/app/services/trading.ts?t=1770525822802:15
[      55ms] [ERROR] Failed to load resource: the server responded with a status of 500 (Internal Server Error) @ http://localhost:3000/api/portfolio:0
[      55ms] [ERROR] Error: API 500: /api/portfolio
    at get (http://localhost:3000/src/infra/api/client.ts:4:22)
    at async safeFetch (http://localhost:3000/src/app/services/trading.ts?t=1770525822802:14:12) @ http://localhost:3000/src/app/services/trading.ts?t=1770525822802:15
[    1142ms] [ERROR] WebSocket connection to 'ws://localhost:3000/ws' failed: Connection closed before receiving a handshake response @ http://localhost:3000/src/infra/ws/client.ts:15
[    4427ms] [ERROR] WebSocket connection to 'ws://localhost:3000/ws' failed: Connection closed before receiving a handshake response @ http://localhost:3000/src/infra/ws/client.ts:15
[    4835ms] [ERROR] Failed to load resource: the server responded with a status of 500 (Internal Server Error) @ http://localhost:3000/api/trades?limit=50:0
[    7671ms] [ERROR] WebSocket connection to 'ws://localhost:3000/ws' failed: Connection closed before receiving a handshake response @ http://localhost:3000/src/infra/ws/client.ts:15
[   10979ms] [ERROR] WebSocket connection to 'ws://localhost:3000/ws' failed: Connection closed before receiving a handshake response @ http://localhost:3000/src/infra/ws/client.ts:15
[   14188ms] [ERROR] WebSocket connection to 'ws://localhost:3000/ws' failed: Connection closed before receiving a handshake response @ http://localhost:3000/src/infra/ws/client.ts:15
[   17387ms] [ERROR] WebSocket connection to 'ws://localhost:3000/ws' failed: Connection closed before receiving a handshake response @ http://localhost:3000/src/infra/ws/client.ts:15
[   20623ms] [ERROR] WebSocket connection to 'ws://localhost:3000/ws' failed: Connection closed before receiving a handshake response @ http://localhost:3000/src/infra/ws/client.ts:15
[   21752ms] [ERROR] Failed to load resource: the server responded with a status of 500 (Internal Server Error) @ http://localhost:3000/api/signals?limit=100:0
[   24170ms] [ERROR] WebSocket connection to 'ws://localhost:3000/ws' failed: Connection closed before receiving a handshake response @ http://localhost:3000/src/infra/ws/client.ts:15
[   27379ms] [ERROR] WebSocket connection to 'ws://localhost:3000/ws' failed: Connection closed before receiving a handshake response @ http://localhost:3000/src/infra/ws/client.ts:15
[   30895ms] [ERROR] WebSocket connection to 'ws://localhost:3000/ws' failed: Connection closed before receiving a handshake response @ http://localhost:3000/src/infra/ws/client.ts:15
[   34224ms] [ERROR] WebSocket connection to 'ws://localhost:3000/ws' failed: Connection closed before receiving a handshake response @ http://localhost:3000/src/infra/ws/client.ts:15
[   37839ms] [ERROR] WebSocket connection to 'ws://localhost:3000/ws' failed: Connection closed before receiving a handshake response @ http://localhost:3000/src/infra/ws/client.ts:15
[   41088ms] [ERROR] WebSocket connection to 'ws://localhost:3000/ws' failed: Connection closed before receiving a handshake response @ http://localhost:3000/src/infra/ws/client.ts:15
[   45023ms] [ERROR] WebSocket connection to 'ws://localhost:3000/ws' failed: Connection closed before receiving a handshake response @ http://localhost:3000/src/infra/ws/client.ts:15
